d:\vsprojects\carrentalui\carrentalui\x64\debug\carrentalui.pch
d:\vsprojects\carrentalui\carrentalui\x64\debug\vc143.pdb
d:\vsprojects\carrentalui\carrentalui\x64\debug\vc143.idb
d:\vsprojects\carrentalui\carrentalui\x64\debug\pch.obj
d:\vsprojects\carrentalui\carrentalui\x64\debug\carrentaluidlg.obj
d:\vsprojects\carrentalui\carrentalui\x64\debug\carrentalui.obj
d:\vsprojects\carrentalui\carrentalui\x64\debug\rentalservice.obj
d:\vsprojects\carrentalui\carrentalui\x64\debug\customer.obj
d:\vsprojects\carrentalui\carrentalui\x64\debug\car.obj
d:\vsprojects\carrentalui\carrentalui\x64\debug\carrentalui.res
d:\vsprojects\carrentalui\x64\debug\carrentalui.pdb
d:\vsprojects\carrentalui\carrentalui\x64\debug\carrentalui.tlog\cl.command.1.tlog
d:\vsprojects\carrentalui\carrentalui\x64\debug\carrentalui.tlog\cl.read.1.tlog
d:\vsprojects\carrentalui\carrentalui\x64\debug\carrentalui.tlog\cl.write.1.tlog
d:\vsprojects\carrentalui\carrentalui\x64\debug\carrentalui.tlog\link-cvtres.read.1.tlog
d:\vsprojects\carrentalui\carrentalui\x64\debug\carrentalui.tlog\link-cvtres.write.1.tlog
d:\vsprojects\carrentalui\carrentalui\x64\debug\carrentalui.tlog\link-mt.read.1.tlog
d:\vsprojects\carrentalui\carrentalui\x64\debug\carrentalui.tlog\link-mt.write.1.tlog
d:\vsprojects\carrentalui\carrentalui\x64\debug\carrentalui.tlog\link-rc.read.1.tlog
d:\vsprojects\carrentalui\carrentalui\x64\debug\carrentalui.tlog\link-rc.write.1.tlog
d:\vsprojects\carrentalui\carrentalui\x64\debug\carrentalui.tlog\link.command.1.tlog
d:\vsprojects\carrentalui\carrentalui\x64\debug\carrentalui.tlog\link.read.1.tlog
d:\vsprojects\carrentalui\carrentalui\x64\debug\carrentalui.tlog\link.read.2.tlog
d:\vsprojects\carrentalui\carrentalui\x64\debug\carrentalui.tlog\link.write.1.tlog
d:\vsprojects\carrentalui\carrentalui\x64\debug\carrentalui.tlog\rc.command.1.tlog
d:\vsprojects\carrentalui\carrentalui\x64\debug\carrentalui.tlog\rc.read.1.tlog
d:\vsprojects\carrentalui\carrentalui\x64\debug\carrentalui.tlog\rc.write.1.tlog
